<?xml version="1.0" encoding="UTF-8"?>
<coverage generated="1629923697791" clover="3.2.0">
  <project timestamp="1629923697791" name="All files">
    <metrics statements="42" coveredstatements="7" conditionals="1" coveredconditionals="0" methods="14" coveredmethods="1" elements="57" coveredelements="8" complexity="0" loc="42" ncloc="42" packages="8" files="23" classes="23"/>
    <package name="components">
      <metrics statements="1" coveredstatements="0" conditionals="0" coveredconditionals="0" methods="0" coveredmethods="0"/>
      <file name="colors.ts" path="C:\Users\Bigmo\Revature\tea-time-fe\src\components\colors.ts">
        <metrics statements="1" coveredstatements="0" conditionals="0" coveredconditionals="0" methods="0" coveredmethods="0"/>
        <line num="1" count="0" type="stmt"/>
      </file>
    </package>
    <package name="components.AddShop">
      <metrics statements="0" coveredstatements="0" conditionals="0" coveredconditionals="0" methods="0" coveredmethods="0"/>
      <file name="AddShop.component.tsx" path="C:\Users\Bigmo\Revature\tea-time-fe\src\components\AddShop\AddShop.component.tsx">
        <metrics statements="0" coveredstatements="0" conditionals="0" coveredconditionals="0" methods="0" coveredmethods="0"/>
      </file>
      <file name="AddShop.styles.tsx" path="C:\Users\Bigmo\Revature\tea-time-fe\src\components\AddShop\AddShop.styles.tsx">
        <metrics statements="0" coveredstatements="0" conditionals="0" coveredconditionals="0" methods="0" coveredmethods="0"/>
      </file>
      <file name="AddShop.test.tsx" path="C:\Users\Bigmo\Revature\tea-time-fe\src\components\AddShop\AddShop.test.tsx">
        <metrics statements="0" coveredstatements="0" conditionals="0" coveredconditionals="0" methods="0" coveredmethods="0"/>
      </file>
      <file name="AddShop.types.ts" path="C:\Users\Bigmo\Revature\tea-time-fe\src\components\AddShop\AddShop.types.ts">
        <metrics statements="0" coveredstatements="0" conditionals="0" coveredconditionals="0" methods="0" coveredmethods="0"/>
      </file>
    </package>
    <package name="components.Header">
      <metrics statements="8" coveredstatements="0" conditionals="0" coveredconditionals="0" methods="4" coveredmethods="0"/>
      <file name="Header.component.tsx" path="C:\Users\Bigmo\Revature\tea-time-fe\src\components\Header\Header.component.tsx">
        <metrics statements="2" coveredstatements="0" conditionals="0" coveredconditionals="0" methods="1" coveredmethods="0"/>
        <line num="4" count="0" type="stmt"/>
        <line num="5" count="0" type="stmt"/>
      </file>
      <file name="Header.styles.tsx" path="C:\Users\Bigmo\Revature\tea-time-fe\src\components\Header\Header.styles.tsx">
        <metrics statements="0" coveredstatements="0" conditionals="0" coveredconditionals="0" methods="0" coveredmethods="0"/>
      </file>
      <file name="Header.test.tsx" path="C:\Users\Bigmo\Revature\tea-time-fe\src\components\Header\Header.test.tsx">
        <metrics statements="6" coveredstatements="0" conditionals="0" coveredconditionals="0" methods="3" coveredmethods="0"/>
        <line num="7" count="0" type="stmt"/>
        <line num="9" count="0" type="stmt"/>
        <line num="10" count="0" type="stmt"/>
        <line num="13" count="0" type="stmt"/>
        <line num="14" count="0" type="stmt"/>
        <line num="15" count="0" type="stmt"/>
      </file>
      <file name="Header.types.tsx" path="C:\Users\Bigmo\Revature\tea-time-fe\src\components\Header\Header.types.tsx">
        <metrics statements="0" coveredstatements="0" conditionals="0" coveredconditionals="0" methods="0" coveredmethods="0"/>
      </file>
    </package>
    <package name="components.Main">
      <metrics statements="18" coveredstatements="0" conditionals="0" coveredconditionals="0" methods="7" coveredmethods="0"/>
      <file name="Main.component.tsx" path="C:\Users\Bigmo\Revature\tea-time-fe\src\components\Main\Main.component.tsx">
        <metrics statements="2" coveredstatements="0" conditionals="0" coveredconditionals="0" methods="1" coveredmethods="0"/>
        <line num="8" count="0" type="stmt"/>
        <line num="9" count="0" type="stmt"/>
      </file>
      <file name="Main.styles.ts" path="C:\Users\Bigmo\Revature\tea-time-fe\src\components\Main\Main.styles.ts">
        <metrics statements="1" coveredstatements="0" conditionals="0" coveredconditionals="0" methods="0" coveredmethods="0"/>
        <line num="4" count="0" type="stmt"/>
      </file>
      <file name="Main.test.tsx" path="C:\Users\Bigmo\Revature\tea-time-fe\src\components\Main\Main.test.tsx">
        <metrics statements="15" coveredstatements="0" conditionals="0" coveredconditionals="0" methods="6" coveredmethods="0"/>
        <line num="11" count="0" type="stmt"/>
        <line num="12" count="0" type="stmt"/>
        <line num="14" count="0" type="stmt"/>
        <line num="17" count="0" type="stmt"/>
        <line num="18" count="0" type="stmt"/>
        <line num="21" count="0" type="stmt"/>
        <line num="22" count="0" type="stmt"/>
        <line num="23" count="0" type="stmt"/>
        <line num="26" count="0" type="stmt"/>
        <line num="27" count="0" type="stmt"/>
        <line num="28" count="0" type="stmt"/>
        <line num="31" count="0" type="stmt"/>
        <line num="32" count="0" type="stmt"/>
        <line num="33" count="0" type="stmt"/>
        <line num="34" count="0" type="stmt"/>
      </file>
    </package>
    <package name="components.Navigation">
      <metrics statements="6" coveredstatements="6" conditionals="0" coveredconditionals="0" methods="1" coveredmethods="1"/>
      <file name="Navigation.component.tsx" path="C:\Users\Bigmo\Revature\tea-time-fe\src\components\Navigation\Navigation.component.tsx">
        <metrics statements="6" coveredstatements="6" conditionals="0" coveredconditionals="0" methods="1" coveredmethods="1"/>
        <line num="8" count="1" type="stmt"/>
        <line num="9" count="1" type="stmt"/>
        <line num="11" count="2" type="stmt"/>
        <line num="19" count="2" type="stmt"/>
        <line num="27" count="2" type="stmt"/>
        <line num="35" count="2" type="stmt"/>
      </file>
      <file name="Navigation.styles.tsx" path="C:\Users\Bigmo\Revature\tea-time-fe\src\components\Navigation\Navigation.styles.tsx">
        <metrics statements="0" coveredstatements="0" conditionals="0" coveredconditionals="0" methods="0" coveredmethods="0"/>
      </file>
    </package>
    <package name="components.SearchShops">
      <metrics statements="2" coveredstatements="1" conditionals="0" coveredconditionals="0" methods="1" coveredmethods="0"/>
      <file name="SearchShops.component.tsx" path="C:\Users\Bigmo\Revature\tea-time-fe\src\components\SearchShops\SearchShops.component.tsx">
        <metrics statements="2" coveredstatements="1" conditionals="0" coveredconditionals="0" methods="1" coveredmethods="0"/>
        <line num="3" count="1" type="stmt"/>
        <line num="4" count="0" type="stmt"/>
      </file>
      <file name="SearchShops.styles.ts" path="C:\Users\Bigmo\Revature\tea-time-fe\src\components\SearchShops\SearchShops.styles.ts">
        <metrics statements="0" coveredstatements="0" conditionals="0" coveredconditionals="0" methods="0" coveredmethods="0"/>
      </file>
      <file name="SearchShops.test.tsx" path="C:\Users\Bigmo\Revature\tea-time-fe\src\components\SearchShops\SearchShops.test.tsx">
        <metrics statements="0" coveredstatements="0" conditionals="0" coveredconditionals="0" methods="0" coveredmethods="0"/>
      </file>
    </package>
    <package name="components.ShopView">
      <metrics statements="0" coveredstatements="0" conditionals="0" coveredconditionals="0" methods="0" coveredmethods="0"/>
      <file name="ShopView.component.tsx" path="C:\Users\Bigmo\Revature\tea-time-fe\src\components\ShopView\ShopView.component.tsx">
        <metrics statements="0" coveredstatements="0" conditionals="0" coveredconditionals="0" methods="0" coveredmethods="0"/>
      </file>
      <file name="ShopView.test.tsx" path="C:\Users\Bigmo\Revature\tea-time-fe\src\components\ShopView\ShopView.test.tsx">
        <metrics statements="0" coveredstatements="0" conditionals="0" coveredconditionals="0" methods="0" coveredmethods="0"/>
      </file>
      <file name="ShopView.types.ts" path="C:\Users\Bigmo\Revature\tea-time-fe\src\components\ShopView\ShopView.types.ts">
        <metrics statements="0" coveredstatements="0" conditionals="0" coveredconditionals="0" methods="0" coveredmethods="0"/>
      </file>
    </package>
    <package name="redux">
      <metrics statements="7" coveredstatements="0" conditionals="1" coveredconditionals="0" methods="1" coveredmethods="0"/>
      <file name="reducer.ts" path="C:\Users\Bigmo\Revature\tea-time-fe\src\redux\reducer.ts">
        <metrics statements="4" coveredstatements="0" conditionals="1" coveredconditionals="0" methods="1" coveredmethods="0"/>
        <line num="3" count="0" type="stmt"/>
        <line num="4" count="0" type="stmt"/>
        <line num="5" count="0" type="cond" truecount="0" falsecount="1"/>
        <line num="7" count="0" type="stmt"/>
      </file>
      <file name="store.ts" path="C:\Users\Bigmo\Revature\tea-time-fe\src\redux\store.ts">
        <metrics statements="2" coveredstatements="0" conditionals="0" coveredconditionals="0" methods="0" coveredmethods="0"/>
        <line num="5" count="0" type="stmt"/>
        <line num="6" count="0" type="stmt"/>
      </file>
      <file name="types.ts" path="C:\Users\Bigmo\Revature\tea-time-fe\src\redux\types.ts">
        <metrics statements="1" coveredstatements="0" conditionals="0" coveredconditionals="0" methods="0" coveredmethods="0"/>
        <line num="4" count="0" type="stmt"/>
      </file>
    </package>
  </project>
</coverage>
