{"C:\\Users\\Bigmo\\Revature\\tea-time-fe\\src\\components\\colors.ts": {"path":"C:\\Users\\Bigmo\\Revature\\tea-time-fe\\src\\components\\colors.ts","statementMap":{"0":{"start":{"line":1,"column":15},"end":{"line":9,"column":3}}},"fnMap":{},"branchMap":{},"s":{"0":0},"f":{},"b":{}}
,"C:\\Users\\Bigmo\\Revature\\tea-time-fe\\src\\components\\AddShop\\AddShop.component.tsx": {"path":"C:\\Users\\Bigmo\\Revature\\tea-time-fe\\src\\components\\AddShop\\AddShop.component.tsx","statementMap":{},"fnMap":{},"branchMap":{},"s":{},"f":{},"b":{},"_coverageSchema":"1a1c01bbd47fc00a2c39e90264f33305004495a9","hash":"2116023005ea795d5406025d95e5b030599c7872"}
,"C:\\Users\\Bigmo\\Revature\\tea-time-fe\\src\\components\\AddShop\\AddShop.styles.tsx": {"path":"C:\\Users\\Bigmo\\Revature\\tea-time-fe\\src\\components\\AddShop\\AddShop.styles.tsx","statementMap":{},"fnMap":{},"branchMap":{},"s":{},"f":{},"b":{}}
,"C:\\Users\\Bigmo\\Revature\\tea-time-fe\\src\\components\\AddShop\\AddShop.test.tsx": {"path":"C:\\Users\\Bigmo\\Revature\\tea-time-fe\\src\\components\\AddShop\\AddShop.test.tsx","statementMap":{},"fnMap":{},"branchMap":{},"s":{},"f":{},"b":{}}
,"C:\\Users\\Bigmo\\Revature\\tea-time-fe\\src\\components\\AddShop\\AddShop.types.ts": {"path":"C:\\Users\\Bigmo\\Revature\\tea-time-fe\\src\\components\\AddShop\\AddShop.types.ts","statementMap":{},"fnMap":{},"branchMap":{},"s":{},"f":{},"b":{}}
,"C:\\Users\\Bigmo\\Revature\\tea-time-fe\\src\\components\\Header\\Header.component.tsx": {"path":"C:\\Users\\Bigmo\\Revature\\tea-time-fe\\src\\components\\Header\\Header.component.tsx","statementMap":{"0":{"start":{"line":4,"column":26},"end":{"line":10,"column":1}},"1":{"start":{"line":5,"column":4},"end":{"line":9,"column":6}}},"fnMap":{"0":{"name":"(anonymous_0)","decl":{"start":{"line":4,"column":26},"end":{"line":4,"column":27}},"loc":{"start":{"line":4,"column":32},"end":{"line":10,"column":1}},"line":4}},"branchMap":{},"s":{"0":0,"1":0},"f":{"0":0},"b":{}}
,"C:\\Users\\Bigmo\\Revature\\tea-time-fe\\src\\components\\Header\\Header.styles.tsx": {"path":"C:\\Users\\Bigmo\\Revature\\tea-time-fe\\src\\components\\Header\\Header.styles.tsx","statementMap":{},"fnMap":{},"branchMap":{},"s":{},"f":{},"b":{}}
,"C:\\Users\\Bigmo\\Revature\\tea-time-fe\\src\\components\\Header\\Header.test.tsx": {"path":"C:\\Users\\Bigmo\\Revature\\tea-time-fe\\src\\components\\Header\\Header.test.tsx","statementMap":{"0":{"start":{"line":7,"column":0},"end":{"line":17,"column":3}},"1":{"start":{"line":9,"column":4},"end":{"line":11,"column":7}},"2":{"start":{"line":10,"column":8},"end":{"line":10,"column":40}},"3":{"start":{"line":13,"column":4},"end":{"line":16,"column":7}},"4":{"start":{"line":14,"column":24},"end":{"line":14,"column":58}},"5":{"start":{"line":15,"column":8},"end":{"line":15,"column":82}}},"fnMap":{"0":{"name":"(anonymous_0)","decl":{"start":{"line":7,"column":27},"end":{"line":7,"column":28}},"loc":{"start":{"line":7,"column":33},"end":{"line":17,"column":1}},"line":7},"1":{"name":"(anonymous_1)","decl":{"start":{"line":9,"column":16},"end":{"line":9,"column":17}},"loc":{"start":{"line":9,"column":22},"end":{"line":11,"column":5}},"line":9},"2":{"name":"(anonymous_2)","decl":{"start":{"line":13,"column":28},"end":{"line":13,"column":29}},"loc":{"start":{"line":13,"column":34},"end":{"line":16,"column":5}},"line":13}},"branchMap":{},"s":{"0":0,"1":0,"2":0,"3":0,"4":0,"5":0},"f":{"0":0,"1":0,"2":0},"b":{}}
,"C:\\Users\\Bigmo\\Revature\\tea-time-fe\\src\\components\\Header\\Header.types.tsx": {"path":"C:\\Users\\Bigmo\\Revature\\tea-time-fe\\src\\components\\Header\\Header.types.tsx","statementMap":{},"fnMap":{},"branchMap":{},"s":{},"f":{},"b":{}}
,"C:\\Users\\Bigmo\\Revature\\tea-time-fe\\src\\components\\Main\\Main.component.tsx": {"path":"C:\\Users\\Bigmo\\Revature\\tea-time-fe\\src\\components\\Main\\Main.component.tsx","statementMap":{"0":{"start":{"line":8,"column":23},"end":{"line":15,"column":1}},"1":{"start":{"line":9,"column":4},"end":{"line":14,"column":6}}},"fnMap":{"0":{"name":"(anonymous_0)","decl":{"start":{"line":8,"column":23},"end":{"line":8,"column":24}},"loc":{"start":{"line":8,"column":29},"end":{"line":15,"column":1}},"line":8}},"branchMap":{},"s":{"0":0,"1":0},"f":{"0":0},"b":{}}
,"C:\\Users\\Bigmo\\Revature\\tea-time-fe\\src\\components\\Main\\Main.styles.ts": {"path":"C:\\Users\\Bigmo\\Revature\\tea-time-fe\\src\\components\\Main\\Main.styles.ts","statementMap":{"0":{"start":{"line":4,"column":19},"end":{"line":38,"column":2}}},"fnMap":{},"branchMap":{},"s":{"0":0},"f":{},"b":{}}
,"C:\\Users\\Bigmo\\Revature\\tea-time-fe\\src\\components\\Main\\Main.test.tsx": {"path":"C:\\Users\\Bigmo\\Revature\\tea-time-fe\\src\\components\\Main\\Main.test.tsx","statementMap":{"0":{"start":{"line":11,"column":0},"end":{"line":36,"column":3}},"1":{"start":{"line":12,"column":4},"end":{"line":15,"column":7}},"2":{"start":{"line":14,"column":8},"end":{"line":14,"column":38}},"3":{"start":{"line":17,"column":4},"end":{"line":19,"column":7}},"4":{"start":{"line":18,"column":8},"end":{"line":18,"column":38}},"5":{"start":{"line":21,"column":4},"end":{"line":24,"column":7}},"6":{"start":{"line":22,"column":38},"end":{"line":22,"column":58}},"7":{"start":{"line":23,"column":8},"end":{"line":23,"column":49}},"8":{"start":{"line":26,"column":4},"end":{"line":29,"column":7}},"9":{"start":{"line":27,"column":42},"end":{"line":27,"column":66}},"10":{"start":{"line":28,"column":8},"end":{"line":28,"column":53}},"11":{"start":{"line":31,"column":4},"end":{"line":35,"column":7}},"12":{"start":{"line":32,"column":23},"end":{"line":32,"column":41}},"13":{"start":{"line":33,"column":30},"end":{"line":33,"column":63}},"14":{"start":{"line":34,"column":8},"end":{"line":34,"column":61}}},"fnMap":{"0":{"name":"(anonymous_0)","decl":{"start":{"line":11,"column":25},"end":{"line":11,"column":26}},"loc":{"start":{"line":11,"column":31},"end":{"line":36,"column":1}},"line":11},"1":{"name":"(anonymous_1)","decl":{"start":{"line":12,"column":16},"end":{"line":12,"column":17}},"loc":{"start":{"line":12,"column":22},"end":{"line":15,"column":5}},"line":12},"2":{"name":"(anonymous_2)","decl":{"start":{"line":17,"column":32},"end":{"line":17,"column":33}},"loc":{"start":{"line":17,"column":38},"end":{"line":19,"column":5}},"line":17},"3":{"name":"(anonymous_3)","decl":{"start":{"line":21,"column":28},"end":{"line":21,"column":29}},"loc":{"start":{"line":21,"column":34},"end":{"line":24,"column":5}},"line":21},"4":{"name":"(anonymous_4)","decl":{"start":{"line":26,"column":40},"end":{"line":26,"column":41}},"loc":{"start":{"line":26,"column":46},"end":{"line":29,"column":5}},"line":26},"5":{"name":"(anonymous_5)","decl":{"start":{"line":31,"column":47},"end":{"line":31,"column":48}},"loc":{"start":{"line":31,"column":53},"end":{"line":35,"column":5}},"line":31}},"branchMap":{},"s":{"0":0,"1":0,"2":0,"3":0,"4":0,"5":0,"6":0,"7":0,"8":0,"9":0,"10":0,"11":0,"12":0,"13":0,"14":0},"f":{"0":0,"1":0,"2":0,"3":0,"4":0,"5":0},"b":{}}
,"C:\\Users\\Bigmo\\Revature\\tea-time-fe\\src\\components\\Navigation\\Navigation.component.tsx": {"path":"C:\\Users\\Bigmo\\Revature\\tea-time-fe\\src\\components\\Navigation\\Navigation.component.tsx","statementMap":{"0":{"start":{"line":8,"column":14},"end":{"line":8,"column":36}},"1":{"start":{"line":9,"column":28},"end":{"line":44,"column":1}},"2":{"start":{"line":11,"column":33},"end":{"line":17,"column":5}},"3":{"start":{"line":19,"column":32},"end":{"line":25,"column":5}},"4":{"start":{"line":27,"column":31},"end":{"line":33,"column":5}},"5":{"start":{"line":35,"column":4},"end":{"line":43,"column":5}}},"fnMap":{"0":{"name":"(anonymous_0)","decl":{"start":{"line":9,"column":28},"end":{"line":9,"column":29}},"loc":{"start":{"line":9,"column":34},"end":{"line":44,"column":1}},"line":9}},"branchMap":{},"s":{"0":1,"1":1,"2":2,"3":2,"4":2,"5":2},"f":{"0":2},"b":{},"_coverageSchema":"1a1c01bbd47fc00a2c39e90264f33305004495a9","hash":"c2218e4dd1b1b84c245c15e076a2b05f12a4b8ba"}
,"C:\\Users\\Bigmo\\Revature\\tea-time-fe\\src\\components\\Navigation\\Navigation.styles.tsx": {"path":"C:\\Users\\Bigmo\\Revature\\tea-time-fe\\src\\components\\Navigation\\Navigation.styles.tsx","statementMap":{},"fnMap":{},"branchMap":{},"s":{},"f":{},"b":{}}
,"C:\\Users\\Bigmo\\Revature\\tea-time-fe\\src\\components\\SearchShops\\SearchShops.component.tsx": {"path":"C:\\Users\\Bigmo\\Revature\\tea-time-fe\\src\\components\\SearchShops\\SearchShops.component.tsx","statementMap":{"0":{"start":{"line":3,"column":31},"end":{"line":9,"column":1}},"1":{"start":{"line":4,"column":4},"end":{"line":8,"column":6}}},"fnMap":{"0":{"name":"(anonymous_0)","decl":{"start":{"line":3,"column":31},"end":{"line":3,"column":32}},"loc":{"start":{"line":3,"column":37},"end":{"line":9,"column":1}},"line":3}},"branchMap":{},"s":{"0":1,"1":0},"f":{"0":0},"b":{},"_coverageSchema":"1a1c01bbd47fc00a2c39e90264f33305004495a9","hash":"ad39148a2567526bb3823c05399e8f46e4fba7ac"}
,"C:\\Users\\Bigmo\\Revature\\tea-time-fe\\src\\components\\SearchShops\\SearchShops.styles.ts": {"path":"C:\\Users\\Bigmo\\Revature\\tea-time-fe\\src\\components\\SearchShops\\SearchShops.styles.ts","statementMap":{},"fnMap":{},"branchMap":{},"s":{},"f":{},"b":{}}
,"C:\\Users\\Bigmo\\Revature\\tea-time-fe\\src\\components\\SearchShops\\SearchShops.test.tsx": {"path":"C:\\Users\\Bigmo\\Revature\\tea-time-fe\\src\\components\\SearchShops\\SearchShops.test.tsx","statementMap":{},"fnMap":{},"branchMap":{},"s":{},"f":{},"b":{}}
,"C:\\Users\\Bigmo\\Revature\\tea-time-fe\\src\\components\\ShopView\\ShopView.component.tsx": {"path":"C:\\Users\\Bigmo\\Revature\\tea-time-fe\\src\\components\\ShopView\\ShopView.component.tsx","statementMap":{},"fnMap":{},"branchMap":{},"s":{},"f":{},"b":{},"_coverageSchema":"1a1c01bbd47fc00a2c39e90264f33305004495a9","hash":"590a15d34bfbc098be748034c74d85d661aea1c2"}
,"C:\\Users\\Bigmo\\Revature\\tea-time-fe\\src\\components\\ShopView\\ShopView.test.tsx": {"path":"C:\\Users\\Bigmo\\Revature\\tea-time-fe\\src\\components\\ShopView\\ShopView.test.tsx","statementMap":{},"fnMap":{},"branchMap":{},"s":{},"f":{},"b":{}}
,"C:\\Users\\Bigmo\\Revature\\tea-time-fe\\src\\components\\ShopView\\ShopView.types.ts": {"path":"C:\\Users\\Bigmo\\Revature\\tea-time-fe\\src\\components\\ShopView\\ShopView.types.ts","statementMap":{},"fnMap":{},"branchMap":{},"s":{},"f":{},"b":{}}
,"C:\\Users\\Bigmo\\Revature\\tea-time-fe\\src\\redux\\reducer.ts": {"path":"C:\\Users\\Bigmo\\Revature\\tea-time-fe\\src\\redux\\reducer.ts","statementMap":{"0":{"start":{"line":3,"column":16},"end":{"line":9,"column":1}},"1":{"start":{"line":4,"column":21},"end":{"line":4,"column":33}},"2":{"start":{"line":5,"column":4},"end":{"line":8,"column":5}},"3":{"start":{"line":7,"column":12},"end":{"line":7,"column":28}}},"fnMap":{"0":{"name":"(anonymous_0)","decl":{"start":{"line":3,"column":16},"end":{"line":3,"column":17}},"loc":{"start":{"line":3,"column":57},"end":{"line":9,"column":1}},"line":3}},"branchMap":{"0":{"loc":{"start":{"line":5,"column":4},"end":{"line":8,"column":5}},"type":"switch","locations":[{"start":{"line":6,"column":8},"end":{"line":7,"column":28}}],"line":5}},"s":{"0":0,"1":0,"2":0,"3":0},"f":{"0":0},"b":{"0":[0]}}
,"C:\\Users\\Bigmo\\Revature\\tea-time-fe\\src\\redux\\store.ts": {"path":"C:\\Users\\Bigmo\\Revature\\tea-time-fe\\src\\redux\\store.ts","statementMap":{"0":{"start":{"line":5,"column":23},"end":{"line":5,"column":45}},"1":{"start":{"line":6,"column":14},"end":{"line":9,"column":1}}},"fnMap":{},"branchMap":{},"s":{"0":0,"1":0},"f":{},"b":{}}
,"C:\\Users\\Bigmo\\Revature\\tea-time-fe\\src\\redux\\types.ts": {"path":"C:\\Users\\Bigmo\\Revature\\tea-time-fe\\src\\redux\\types.ts","statementMap":{"0":{"start":{"line":4,"column":35},"end":{"line":5,"column":1}}},"fnMap":{},"branchMap":{},"s":{"0":0},"f":{},"b":{}}
}
