{"C:\\Users\\Bigmo\\Revature\\tea-time-fe\\src\\entities.ts": {"path":"C:\\Users\\Bigmo\\Revature\\tea-time-fe\\src\\entities.ts","statementMap":{"0":{"start":{"line":19,"column":2},"end":{"line":19,"column":31}},"1":{"start":{"line":20,"column":2},"end":{"line":20,"column":21}},"2":{"start":{"line":21,"column":2},"end":{"line":21,"column":27}},"3":{"start":{"line":35,"column":2},"end":{"line":35,"column":15}},"4":{"start":{"line":36,"column":2},"end":{"line":36,"column":19}},"5":{"start":{"line":37,"column":2},"end":{"line":41,"column":3}},"6":{"start":{"line":38,"column":3},"end":{"line":38,"column":96}},"7":{"start":{"line":40,"column":3},"end":{"line":40,"column":26}},"8":{"start":{"line":45,"column":27},"end":{"line":45,"column":87}},"9":{"start":{"line":52,"column":2},"end":{"line":52,"column":27}},"10":{"start":{"line":53,"column":2},"end":{"line":53,"column":25}},"11":{"start":{"line":54,"column":2},"end":{"line":54,"column":21}},"12":{"start":{"line":61,"column":2},"end":{"line":61,"column":27}}},"fnMap":{"0":{"name":"(anonymous_0)","decl":{"start":{"line":18,"column":1},"end":{"line":18,"column":2}},"loc":{"start":{"line":18,"column":66},"end":{"line":22,"column":2}},"line":18},"1":{"name":"(anonymous_1)","decl":{"start":{"line":30,"column":1},"end":{"line":30,"column":2}},"loc":{"start":{"line":34,"column":3},"end":{"line":42,"column":2}},"line":34},"2":{"name":"(anonymous_2)","decl":{"start":{"line":51,"column":1},"end":{"line":51,"column":2}},"loc":{"start":{"line":51,"column":88},"end":{"line":55,"column":2}},"line":51},"3":{"name":"(anonymous_3)","decl":{"start":{"line":60,"column":1},"end":{"line":60,"column":2}},"loc":{"start":{"line":60,"column":38},"end":{"line":62,"column":2}},"line":60}},"branchMap":{"0":{"loc":{"start":{"line":37,"column":2},"end":{"line":41,"column":3}},"type":"if","locations":[{"start":{"line":37,"column":2},"end":{"line":41,"column":3}},{"start":{"line":37,"column":2},"end":{"line":41,"column":3}}],"line":37},"1":{"loc":{"start":{"line":51,"column":34},"end":{"line":51,"column":58}},"type":"default-arg","locations":[{"start":{"line":51,"column":53},"end":{"line":51,"column":58}}],"line":51},"2":{"loc":{"start":{"line":51,"column":60},"end":{"line":51,"column":86}},"type":"default-arg","locations":[{"start":{"line":51,"column":82},"end":{"line":51,"column":86}}],"line":51}},"s":{"0":3,"1":3,"2":3,"3":3,"4":3,"5":3,"6":1,"7":2,"8":1,"9":3,"10":3,"11":3,"12":3},"f":{"0":3,"1":3,"2":3,"3":3},"b":{"0":[1,2],"1":[1],"2":[2]},"_coverageSchema":"1a1c01bbd47fc00a2c39e90264f33305004495a9","hash":"e06760f512ad380935d0d36c541c7f0442334922"}
,"C:\\Users\\Bigmo\\Revature\\tea-time-fe\\src\\components\\colors.ts": {"path":"C:\\Users\\Bigmo\\Revature\\tea-time-fe\\src\\components\\colors.ts","statementMap":{"0":{"start":{"line":1,"column":15},"end":{"line":9,"column":3}}},"fnMap":{},"branchMap":{},"s":{"0":0},"f":{},"b":{}}
,"C:\\Users\\Bigmo\\Revature\\tea-time-fe\\src\\components\\AddShop\\AddShop.component.tsx": {"path":"C:\\Users\\Bigmo\\Revature\\tea-time-fe\\src\\components\\AddShop\\AddShop.component.tsx","statementMap":{"0":{"start":{"line":3,"column":27},"end":{"line":9,"column":1}},"1":{"start":{"line":4,"column":4},"end":{"line":8,"column":6}},"2":{"start":{"line":11,"column":0},"end":{"line":11,"column":32}}},"fnMap":{"0":{"name":"(anonymous_0)","decl":{"start":{"line":3,"column":27},"end":{"line":3,"column":28}},"loc":{"start":{"line":3,"column":33},"end":{"line":9,"column":1}},"line":3}},"branchMap":{},"s":{"0":0,"1":0,"2":0},"f":{"0":0},"b":{}}
,"C:\\Users\\Bigmo\\Revature\\tea-time-fe\\src\\components\\AddShop\\AddShop.styles.tsx": {"path":"C:\\Users\\Bigmo\\Revature\\tea-time-fe\\src\\components\\AddShop\\AddShop.styles.tsx","statementMap":{},"fnMap":{},"branchMap":{},"s":{},"f":{},"b":{}}
,"C:\\Users\\Bigmo\\Revature\\tea-time-fe\\src\\components\\AddShop\\AddShop.test.tsx": {"path":"C:\\Users\\Bigmo\\Revature\\tea-time-fe\\src\\components\\AddShop\\AddShop.test.tsx","statementMap":{},"fnMap":{},"branchMap":{},"s":{},"f":{},"b":{}}
,"C:\\Users\\Bigmo\\Revature\\tea-time-fe\\src\\components\\AddShop\\AddShop.types.ts": {"path":"C:\\Users\\Bigmo\\Revature\\tea-time-fe\\src\\components\\AddShop\\AddShop.types.ts","statementMap":{},"fnMap":{},"branchMap":{},"s":{},"f":{},"b":{}}
,"C:\\Users\\Bigmo\\Revature\\tea-time-fe\\src\\components\\Header\\Header.component.tsx": {"path":"C:\\Users\\Bigmo\\Revature\\tea-time-fe\\src\\components\\Header\\Header.component.tsx","statementMap":{"0":{"start":{"line":4,"column":26},"end":{"line":11,"column":1}},"1":{"start":{"line":5,"column":4},"end":{"line":10,"column":6}}},"fnMap":{"0":{"name":"(anonymous_0)","decl":{"start":{"line":4,"column":26},"end":{"line":4,"column":27}},"loc":{"start":{"line":4,"column":32},"end":{"line":11,"column":1}},"line":4}},"branchMap":{},"s":{"0":0,"1":0},"f":{"0":0},"b":{}}
,"C:\\Users\\Bigmo\\Revature\\tea-time-fe\\src\\components\\Header\\Header.styles.tsx": {"path":"C:\\Users\\Bigmo\\Revature\\tea-time-fe\\src\\components\\Header\\Header.styles.tsx","statementMap":{},"fnMap":{},"branchMap":{},"s":{},"f":{},"b":{}}
,"C:\\Users\\Bigmo\\Revature\\tea-time-fe\\src\\components\\Header\\Header.test.tsx": {"path":"C:\\Users\\Bigmo\\Revature\\tea-time-fe\\src\\components\\Header\\Header.test.tsx","statementMap":{"0":{"start":{"line":7,"column":0},"end":{"line":17,"column":3}},"1":{"start":{"line":9,"column":4},"end":{"line":11,"column":7}},"2":{"start":{"line":10,"column":8},"end":{"line":10,"column":40}},"3":{"start":{"line":13,"column":4},"end":{"line":16,"column":7}},"4":{"start":{"line":14,"column":24},"end":{"line":14,"column":58}},"5":{"start":{"line":15,"column":8},"end":{"line":15,"column":82}}},"fnMap":{"0":{"name":"(anonymous_0)","decl":{"start":{"line":7,"column":27},"end":{"line":7,"column":28}},"loc":{"start":{"line":7,"column":33},"end":{"line":17,"column":1}},"line":7},"1":{"name":"(anonymous_1)","decl":{"start":{"line":9,"column":16},"end":{"line":9,"column":17}},"loc":{"start":{"line":9,"column":22},"end":{"line":11,"column":5}},"line":9},"2":{"name":"(anonymous_2)","decl":{"start":{"line":13,"column":28},"end":{"line":13,"column":29}},"loc":{"start":{"line":13,"column":34},"end":{"line":16,"column":5}},"line":13}},"branchMap":{},"s":{"0":0,"1":0,"2":0,"3":0,"4":0,"5":0},"f":{"0":0,"1":0,"2":0},"b":{}}
,"C:\\Users\\Bigmo\\Revature\\tea-time-fe\\src\\components\\Header\\Header.types.tsx": {"path":"C:\\Users\\Bigmo\\Revature\\tea-time-fe\\src\\components\\Header\\Header.types.tsx","statementMap":{},"fnMap":{},"branchMap":{},"s":{},"f":{},"b":{}}
,"C:\\Users\\Bigmo\\Revature\\tea-time-fe\\src\\components\\LoadingSearchedShops\\LoadingSearchedShops.component.tsx": {"path":"C:\\Users\\Bigmo\\Revature\\tea-time-fe\\src\\components\\LoadingSearchedShops\\LoadingSearchedShops.component.tsx","statementMap":{"0":{"start":{"line":5,"column":47},"end":{"line":16,"column":1}},"1":{"start":{"line":6,"column":4},"end":{"line":15,"column":5}}},"fnMap":{"0":{"name":"(anonymous_0)","decl":{"start":{"line":5,"column":47},"end":{"line":5,"column":48}},"loc":{"start":{"line":5,"column":64},"end":{"line":16,"column":1}},"line":5}},"branchMap":{"0":{"loc":{"start":{"line":8,"column":13},"end":{"line":12,"column":13}},"type":"cond-expr","locations":[{"start":{"line":9,"column":16},"end":{"line":9,"column":49}},{"start":{"line":11,"column":16},"end":{"line":11,"column":21}}],"line":8}},"s":{"0":1,"1":25},"f":{"0":25},"b":{"0":[1,24]},"_coverageSchema":"1a1c01bbd47fc00a2c39e90264f33305004495a9","hash":"3e65f3e8fc0a4c068fd40567249b39c959dba594"}
,"C:\\Users\\Bigmo\\Revature\\tea-time-fe\\src\\components\\LoadingSearchedShops\\LoadingSearchedShops.test.tsx": {"path":"C:\\Users\\Bigmo\\Revature\\tea-time-fe\\src\\components\\LoadingSearchedShops\\LoadingSearchedShops.test.tsx","statementMap":{"0":{"start":{"line":7,"column":0},"end":{"line":17,"column":3}},"1":{"start":{"line":8,"column":4},"end":{"line":11,"column":7}},"2":{"start":{"line":9,"column":8},"end":{"line":9,"column":69}},"3":{"start":{"line":10,"column":8},"end":{"line":10,"column":50}},"4":{"start":{"line":13,"column":4},"end":{"line":16,"column":7}},"5":{"start":{"line":14,"column":8},"end":{"line":14,"column":68}},"6":{"start":{"line":15,"column":8},"end":{"line":15,"column":61}}},"fnMap":{"0":{"name":"(anonymous_0)","decl":{"start":{"line":7,"column":41},"end":{"line":7,"column":42}},"loc":{"start":{"line":7,"column":47},"end":{"line":17,"column":1}},"line":7},"1":{"name":"(anonymous_1)","decl":{"start":{"line":8,"column":49},"end":{"line":8,"column":50}},"loc":{"start":{"line":8,"column":55},"end":{"line":11,"column":5}},"line":8},"2":{"name":"(anonymous_2)","decl":{"start":{"line":13,"column":54},"end":{"line":13,"column":55}},"loc":{"start":{"line":13,"column":60},"end":{"line":16,"column":5}},"line":13}},"branchMap":{},"s":{"0":0,"1":0,"2":0,"3":0,"4":0,"5":0,"6":0},"f":{"0":0,"1":0,"2":0},"b":{}}
,"C:\\Users\\Bigmo\\Revature\\tea-time-fe\\src\\components\\LoadingSearchedShops\\LoadingSearchedShops.types.tsx": {"path":"C:\\Users\\Bigmo\\Revature\\tea-time-fe\\src\\components\\LoadingSearchedShops\\LoadingSearchedShops.types.tsx","statementMap":{},"fnMap":{},"branchMap":{},"s":{},"f":{},"b":{}}
,"C:\\Users\\Bigmo\\Revature\\tea-time-fe\\src\\components\\Main\\Main.component.tsx": {"path":"C:\\Users\\Bigmo\\Revature\\tea-time-fe\\src\\components\\Main\\Main.component.tsx","statementMap":{"0":{"start":{"line":8,"column":23},"end":{"line":15,"column":1}},"1":{"start":{"line":9,"column":4},"end":{"line":14,"column":6}}},"fnMap":{"0":{"name":"(anonymous_0)","decl":{"start":{"line":8,"column":23},"end":{"line":8,"column":24}},"loc":{"start":{"line":8,"column":29},"end":{"line":15,"column":1}},"line":8}},"branchMap":{},"s":{"0":0,"1":0},"f":{"0":0},"b":{}}
,"C:\\Users\\Bigmo\\Revature\\tea-time-fe\\src\\components\\Main\\Main.styles.ts": {"path":"C:\\Users\\Bigmo\\Revature\\tea-time-fe\\src\\components\\Main\\Main.styles.ts","statementMap":{"0":{"start":{"line":4,"column":19},"end":{"line":38,"column":2}}},"fnMap":{},"branchMap":{},"s":{"0":0},"f":{},"b":{}}
,"C:\\Users\\Bigmo\\Revature\\tea-time-fe\\src\\components\\Main\\Main.test.tsx": {"path":"C:\\Users\\Bigmo\\Revature\\tea-time-fe\\src\\components\\Main\\Main.test.tsx","statementMap":{"0":{"start":{"line":11,"column":0},"end":{"line":36,"column":3}},"1":{"start":{"line":12,"column":4},"end":{"line":15,"column":7}},"2":{"start":{"line":14,"column":8},"end":{"line":14,"column":38}},"3":{"start":{"line":17,"column":4},"end":{"line":19,"column":7}},"4":{"start":{"line":18,"column":8},"end":{"line":18,"column":38}},"5":{"start":{"line":21,"column":4},"end":{"line":24,"column":7}},"6":{"start":{"line":22,"column":38},"end":{"line":22,"column":58}},"7":{"start":{"line":23,"column":8},"end":{"line":23,"column":49}},"8":{"start":{"line":26,"column":4},"end":{"line":29,"column":7}},"9":{"start":{"line":27,"column":42},"end":{"line":27,"column":66}},"10":{"start":{"line":28,"column":8},"end":{"line":28,"column":53}},"11":{"start":{"line":31,"column":4},"end":{"line":35,"column":7}},"12":{"start":{"line":32,"column":23},"end":{"line":32,"column":41}},"13":{"start":{"line":33,"column":30},"end":{"line":33,"column":63}},"14":{"start":{"line":34,"column":8},"end":{"line":34,"column":61}}},"fnMap":{"0":{"name":"(anonymous_0)","decl":{"start":{"line":11,"column":25},"end":{"line":11,"column":26}},"loc":{"start":{"line":11,"column":31},"end":{"line":36,"column":1}},"line":11},"1":{"name":"(anonymous_1)","decl":{"start":{"line":12,"column":16},"end":{"line":12,"column":17}},"loc":{"start":{"line":12,"column":22},"end":{"line":15,"column":5}},"line":12},"2":{"name":"(anonymous_2)","decl":{"start":{"line":17,"column":32},"end":{"line":17,"column":33}},"loc":{"start":{"line":17,"column":38},"end":{"line":19,"column":5}},"line":17},"3":{"name":"(anonymous_3)","decl":{"start":{"line":21,"column":28},"end":{"line":21,"column":29}},"loc":{"start":{"line":21,"column":34},"end":{"line":24,"column":5}},"line":21},"4":{"name":"(anonymous_4)","decl":{"start":{"line":26,"column":40},"end":{"line":26,"column":41}},"loc":{"start":{"line":26,"column":46},"end":{"line":29,"column":5}},"line":26},"5":{"name":"(anonymous_5)","decl":{"start":{"line":31,"column":47},"end":{"line":31,"column":48}},"loc":{"start":{"line":31,"column":53},"end":{"line":35,"column":5}},"line":31}},"branchMap":{},"s":{"0":0,"1":0,"2":0,"3":0,"4":0,"5":0,"6":0,"7":0,"8":0,"9":0,"10":0,"11":0,"12":0,"13":0,"14":0},"f":{"0":0,"1":0,"2":0,"3":0,"4":0,"5":0},"b":{}}
,"C:\\Users\\Bigmo\\Revature\\tea-time-fe\\src\\components\\Navigation\\Navigation.component.tsx": {"path":"C:\\Users\\Bigmo\\Revature\\tea-time-fe\\src\\components\\Navigation\\Navigation.component.tsx","statementMap":{"0":{"start":{"line":9,"column":14},"end":{"line":9,"column":36}},"1":{"start":{"line":10,"column":28},"end":{"line":45,"column":1}},"2":{"start":{"line":12,"column":33},"end":{"line":18,"column":5}},"3":{"start":{"line":20,"column":32},"end":{"line":26,"column":5}},"4":{"start":{"line":28,"column":31},"end":{"line":34,"column":5}},"5":{"start":{"line":36,"column":4},"end":{"line":44,"column":5}}},"fnMap":{"0":{"name":"(anonymous_0)","decl":{"start":{"line":10,"column":28},"end":{"line":10,"column":29}},"loc":{"start":{"line":10,"column":34},"end":{"line":45,"column":1}},"line":10}},"branchMap":{},"s":{"0":0,"1":0,"2":0,"3":0,"4":0,"5":0},"f":{"0":0},"b":{}}
,"C:\\Users\\Bigmo\\Revature\\tea-time-fe\\src\\components\\Navigation\\Navigation.styles.tsx": {"path":"C:\\Users\\Bigmo\\Revature\\tea-time-fe\\src\\components\\Navigation\\Navigation.styles.tsx","statementMap":{},"fnMap":{},"branchMap":{},"s":{},"f":{},"b":{}}
,"C:\\Users\\Bigmo\\Revature\\tea-time-fe\\src\\components\\Navigation\\Navigation.test.tsx": {"path":"C:\\Users\\Bigmo\\Revature\\tea-time-fe\\src\\components\\Navigation\\Navigation.test.tsx","statementMap":{"0":{"start":{"line":12,"column":0},"end":{"line":40,"column":3}},"1":{"start":{"line":13,"column":4},"end":{"line":15,"column":7}},"2":{"start":{"line":14,"column":8},"end":{"line":14,"column":44}},"3":{"start":{"line":17,"column":4},"end":{"line":19,"column":7}},"4":{"start":{"line":18,"column":8},"end":{"line":18,"column":38}},"5":{"start":{"line":21,"column":4},"end":{"line":25,"column":7}},"6":{"start":{"line":22,"column":25},"end":{"line":22,"column":43}},"7":{"start":{"line":23,"column":32},"end":{"line":23,"column":76}},"8":{"start":{"line":24,"column":8},"end":{"line":24,"column":61}},"9":{"start":{"line":31,"column":16},"end":{"line":31,"column":84}},"10":{"start":{"line":33,"column":4},"end":{"line":39,"column":7}},"11":{"start":{"line":34,"column":24},"end":{"line":34,"column":53}},"12":{"start":{"line":35,"column":29},"end":{"line":37,"column":9}},"13":{"start":{"line":36,"column":12},"end":{"line":36,"column":69}},"14":{"start":{"line":38,"column":8},"end":{"line":38,"column":42}}},"fnMap":{"0":{"name":"(anonymous_0)","decl":{"start":{"line":12,"column":31},"end":{"line":12,"column":32}},"loc":{"start":{"line":12,"column":37},"end":{"line":40,"column":1}},"line":12},"1":{"name":"(anonymous_1)","decl":{"start":{"line":13,"column":16},"end":{"line":13,"column":17}},"loc":{"start":{"line":13,"column":22},"end":{"line":15,"column":5}},"line":13},"2":{"name":"(anonymous_2)","decl":{"start":{"line":17,"column":35},"end":{"line":17,"column":36}},"loc":{"start":{"line":17,"column":41},"end":{"line":19,"column":5}},"line":17},"3":{"name":"(anonymous_3)","decl":{"start":{"line":21,"column":54},"end":{"line":21,"column":55}},"loc":{"start":{"line":21,"column":60},"end":{"line":25,"column":5}},"line":21},"4":{"name":"(anonymous_4)","decl":{"start":{"line":33,"column":42},"end":{"line":33,"column":43}},"loc":{"start":{"line":33,"column":49},"end":{"line":39,"column":5}},"line":33},"5":{"name":"(anonymous_5)","decl":{"start":{"line":35,"column":48},"end":{"line":35,"column":49}},"loc":{"start":{"line":36,"column":12},"end":{"line":36,"column":69}},"line":36}},"branchMap":{},"s":{"0":0,"1":0,"2":0,"3":0,"4":0,"5":0,"6":0,"7":0,"8":0,"9":0,"10":0,"11":0,"12":0,"13":0,"14":0},"f":{"0":0,"1":0,"2":0,"3":0,"4":0,"5":0},"b":{}}
,"C:\\Users\\Bigmo\\Revature\\tea-time-fe\\src\\components\\SearchShops\\SearchShops.component.tsx": {"path":"C:\\Users\\Bigmo\\Revature\\tea-time-fe\\src\\components\\SearchShops\\SearchShops.component.tsx","statementMap":{"0":{"start":{"line":11,"column":30},"end":{"line":11,"column":32}},"1":{"start":{"line":13,"column":33},"end":{"line":28,"column":1}},"2":{"start":{"line":13,"column":50},"end":{"line":28,"column":1}},"3":{"start":{"line":14,"column":4},"end":{"line":16,"column":5}},"4":{"start":{"line":15,"column":8},"end":{"line":15,"column":21}},"5":{"start":{"line":17,"column":39},"end":{"line":17,"column":44}},"6":{"start":{"line":18,"column":4},"end":{"line":26,"column":5}},"7":{"start":{"line":19,"column":8},"end":{"line":25,"column":9}},"8":{"start":{"line":20,"column":12},"end":{"line":22,"column":13}},"9":{"start":{"line":21,"column":16},"end":{"line":21,"column":105}},"10":{"start":{"line":23,"column":15},"end":{"line":25,"column":9}},"11":{"start":{"line":24,"column":12},"end":{"line":24,"column":83}},"12":{"start":{"line":27,"column":4},"end":{"line":27,"column":32}},"13":{"start":{"line":30,"column":31},"end":{"line":56,"column":1}},"14":{"start":{"line":31,"column":46},"end":{"line":31,"column":58}},"15":{"start":{"line":32,"column":21},"end":{"line":32,"column":34}},"16":{"start":{"line":33,"column":41},"end":{"line":33,"column":87}},"17":{"start":{"line":33,"column":72},"end":{"line":33,"column":86}},"18":{"start":{"line":35,"column":4},"end":{"line":39,"column":6}},"19":{"start":{"line":36,"column":12},"end":{"line":36,"column":39}},"20":{"start":{"line":41,"column":4},"end":{"line":55,"column":6}},"21":{"start":{"line":50,"column":61},"end":{"line":50,"column":95}},"22":{"start":{"line":51,"column":46},"end":{"line":51,"column":53}},"23":{"start":{"line":58,"column":0},"end":{"line":58,"column":40}}},"fnMap":{"0":{"name":"(anonymous_0)","decl":{"start":{"line":13,"column":33},"end":{"line":13,"column":34}},"loc":{"start":{"line":13,"column":50},"end":{"line":28,"column":1}},"line":13},"1":{"name":"(anonymous_1)","decl":{"start":{"line":13,"column":50},"end":{"line":13,"column":51}},"loc":{"start":{"line":13,"column":72},"end":{"line":28,"column":1}},"line":13},"2":{"name":"(anonymous_2)","decl":{"start":{"line":30,"column":31},"end":{"line":30,"column":32}},"loc":{"start":{"line":30,"column":37},"end":{"line":56,"column":1}},"line":30},"3":{"name":"(anonymous_3)","decl":{"start":{"line":33,"column":54},"end":{"line":33,"column":55}},"loc":{"start":{"line":33,"column":72},"end":{"line":33,"column":86}},"line":33},"4":{"name":"(anonymous_4)","decl":{"start":{"line":35,"column":15},"end":{"line":35,"column":16}},"loc":{"start":{"line":35,"column":21},"end":{"line":37,"column":9}},"line":35},"5":{"name":"(anonymous_5)","decl":{"start":{"line":50,"column":36},"end":{"line":50,"column":37}},"loc":{"start":{"line":50,"column":61},"end":{"line":50,"column":95}},"line":50},"6":{"name":"(anonymous_6)","decl":{"start":{"line":51,"column":38},"end":{"line":51,"column":39}},"loc":{"start":{"line":51,"column":46},"end":{"line":51,"column":53}},"line":51}},"branchMap":{"0":{"loc":{"start":{"line":14,"column":4},"end":{"line":16,"column":5}},"type":"if","locations":[{"start":{"line":14,"column":4},"end":{"line":16,"column":5}},{"start":{"line":14,"column":4},"end":{"line":16,"column":5}}],"line":14},"1":{"loc":{"start":{"line":19,"column":8},"end":{"line":25,"column":9}},"type":"if","locations":[{"start":{"line":19,"column":8},"end":{"line":25,"column":9}},{"start":{"line":19,"column":8},"end":{"line":25,"column":9}}],"line":19},"2":{"loc":{"start":{"line":21,"column":39},"end":{"line":21,"column":104}},"type":"binary-expr","locations":[{"start":{"line":21,"column":39},"end":{"line":21,"column":59}},{"start":{"line":21,"column":63},"end":{"line":21,"column":104}}],"line":21},"3":{"loc":{"start":{"line":23,"column":15},"end":{"line":25,"column":9}},"type":"if","locations":[{"start":{"line":23,"column":15},"end":{"line":25,"column":9}},{"start":{"line":23,"column":15},"end":{"line":25,"column":9}}],"line":23},"4":{"loc":{"start":{"line":24,"column":35},"end":{"line":24,"column":82}},"type":"binary-expr","locations":[{"start":{"line":24,"column":35},"end":{"line":24,"column":55}},{"start":{"line":24,"column":59},"end":{"line":24,"column":82}}],"line":24},"5":{"loc":{"start":{"line":45,"column":14},"end":{"line":53,"column":13}},"type":"cond-expr","locations":[{"start":{"line":46,"column":16},"end":{"line":46,"column":93}},{"start":{"line":48,"column":20},"end":{"line":52,"column":22}}],"line":45}},"s":{"0":1,"1":1,"2":24,"3":48,"4":28,"5":20,"6":20,"7":60,"8":20,"9":60,"10":40,"11":40,"12":20,"13":1,"14":25,"15":25,"16":25,"17":133,"18":25,"19":15,"20":25,"21":9,"22":9,"23":1},"f":{"0":24,"1":48,"2":25,"3":133,"4":15,"5":9,"6":9},"b":{"0":[28,20],"1":[20,40],"2":[60,45],"3":[40,0],"4":[40,40],"5":[1,24]},"_coverageSchema":"1a1c01bbd47fc00a2c39e90264f33305004495a9","hash":"dc78b51dbc68c35ef92211b588df26d1802074cc"}
,"C:\\Users\\Bigmo\\Revature\\tea-time-fe\\src\\components\\SearchShops\\SearchShops.styles.ts": {"path":"C:\\Users\\Bigmo\\Revature\\tea-time-fe\\src\\components\\SearchShops\\SearchShops.styles.ts","statementMap":{},"fnMap":{},"branchMap":{},"s":{},"f":{},"b":{}}
,"C:\\Users\\Bigmo\\Revature\\tea-time-fe\\src\\components\\SearchShops\\SearchShops.types.ts": {"path":"C:\\Users\\Bigmo\\Revature\\tea-time-fe\\src\\components\\SearchShops\\SearchShops.types.ts","statementMap":{},"fnMap":{},"branchMap":{},"s":{},"f":{},"b":{}}
,"C:\\Users\\Bigmo\\Revature\\tea-time-fe\\src\\components\\ShopInList\\ShopInList.component.tsx": {"path":"C:\\Users\\Bigmo\\Revature\\tea-time-fe\\src\\components\\ShopInList\\ShopInList.component.tsx","statementMap":{"0":{"start":{"line":6,"column":37},"end":{"line":16,"column":1}},"1":{"start":{"line":7,"column":23},"end":{"line":7,"column":43}},"2":{"start":{"line":9,"column":4},"end":{"line":15,"column":6}},"3":{"start":{"line":11,"column":27},"end":{"line":11,"column":67}}},"fnMap":{"0":{"name":"(anonymous_0)","decl":{"start":{"line":6,"column":37},"end":{"line":6,"column":38}},"loc":{"start":{"line":6,"column":54},"end":{"line":16,"column":1}},"line":6},"1":{"name":"(anonymous_1)","decl":{"start":{"line":11,"column":21},"end":{"line":11,"column":22}},"loc":{"start":{"line":11,"column":27},"end":{"line":11,"column":67}},"line":11}},"branchMap":{},"s":{"0":1,"1":9,"2":9,"3":0},"f":{"0":9,"1":0},"b":{},"_coverageSchema":"1a1c01bbd47fc00a2c39e90264f33305004495a9","hash":"58708adb7503863355685ac201502414948cfb10"}
,"C:\\Users\\Bigmo\\Revature\\tea-time-fe\\src\\components\\ShopInList\\ShopInList.test.tsx": {"path":"C:\\Users\\Bigmo\\Revature\\tea-time-fe\\src\\components\\ShopInList\\ShopInList.test.tsx","statementMap":{"0":{"start":{"line":8,"column":21},"end":{"line":8,"column":30}},"1":{"start":{"line":9,"column":0},"end":{"line":11,"column":4}},"2":{"start":{"line":9,"column":45},"end":{"line":11,"column":1}},"3":{"start":{"line":10,"column":26},"end":{"line":10,"column":52}},"4":{"start":{"line":13,"column":0},"end":{"line":32,"column":3}},"5":{"start":{"line":14,"column":4},"end":{"line":16,"column":7}},"6":{"start":{"line":15,"column":8},"end":{"line":15,"column":64}},"7":{"start":{"line":18,"column":4},"end":{"line":25,"column":7}},"8":{"start":{"line":19,"column":40},"end":{"line":23,"column":13}},"9":{"start":{"line":22,"column":16},"end":{"line":22,"column":64}},"10":{"start":{"line":24,"column":8},"end":{"line":24,"column":45}},"11":{"start":{"line":28,"column":4},"end":{"line":31,"column":7}},"12":{"start":{"line":29,"column":8},"end":{"line":29,"column":51}},"13":{"start":{"line":30,"column":8},"end":{"line":30,"column":48}}},"fnMap":{"0":{"name":"(anonymous_0)","decl":{"start":{"line":9,"column":38},"end":{"line":9,"column":39}},"loc":{"start":{"line":9,"column":45},"end":{"line":11,"column":1}},"line":9},"1":{"name":"(anonymous_1)","decl":{"start":{"line":10,"column":19},"end":{"line":10,"column":20}},"loc":{"start":{"line":10,"column":26},"end":{"line":10,"column":52}},"line":10},"2":{"name":"(anonymous_2)","decl":{"start":{"line":13,"column":31},"end":{"line":13,"column":32}},"loc":{"start":{"line":13,"column":37},"end":{"line":32,"column":1}},"line":13},"3":{"name":"(anonymous_3)","decl":{"start":{"line":14,"column":16},"end":{"line":14,"column":17}},"loc":{"start":{"line":14,"column":22},"end":{"line":16,"column":5}},"line":14},"4":{"name":"(anonymous_4)","decl":{"start":{"line":18,"column":52},"end":{"line":18,"column":53}},"loc":{"start":{"line":18,"column":58},"end":{"line":25,"column":5}},"line":18},"5":{"name":"(anonymous_5)","decl":{"start":{"line":21,"column":24},"end":{"line":21,"column":25}},"loc":{"start":{"line":22,"column":16},"end":{"line":22,"column":64}},"line":22},"6":{"name":"(anonymous_6)","decl":{"start":{"line":28,"column":55},"end":{"line":28,"column":56}},"loc":{"start":{"line":28,"column":61},"end":{"line":31,"column":5}},"line":28}},"branchMap":{},"s":{"0":0,"1":0,"2":0,"3":0,"4":0,"5":0,"6":0,"7":0,"8":0,"9":0,"10":0,"11":0,"12":0,"13":0},"f":{"0":0,"1":0,"2":0,"3":0,"4":0,"5":0,"6":0},"b":{}}
,"C:\\Users\\Bigmo\\Revature\\tea-time-fe\\src\\components\\ShopInList\\ShopInList.types.tsx": {"path":"C:\\Users\\Bigmo\\Revature\\tea-time-fe\\src\\components\\ShopInList\\ShopInList.types.tsx","statementMap":{},"fnMap":{},"branchMap":{},"s":{},"f":{},"b":{}}
,"C:\\Users\\Bigmo\\Revature\\tea-time-fe\\src\\components\\ShopView\\ShopView.component.tsx": {"path":"C:\\Users\\Bigmo\\Revature\\tea-time-fe\\src\\components\\ShopView\\ShopView.component.tsx","statementMap":{"0":{"start":{"line":3,"column":28},"end":{"line":9,"column":1}},"1":{"start":{"line":4,"column":4},"end":{"line":8,"column":6}},"2":{"start":{"line":11,"column":0},"end":{"line":11,"column":34}}},"fnMap":{"0":{"name":"(anonymous_0)","decl":{"start":{"line":3,"column":28},"end":{"line":3,"column":29}},"loc":{"start":{"line":3,"column":34},"end":{"line":9,"column":1}},"line":3}},"branchMap":{},"s":{"0":0,"1":0,"2":0},"f":{"0":0},"b":{}}
,"C:\\Users\\Bigmo\\Revature\\tea-time-fe\\src\\components\\ShopView\\ShopView.test.tsx": {"path":"C:\\Users\\Bigmo\\Revature\\tea-time-fe\\src\\components\\ShopView\\ShopView.test.tsx","statementMap":{},"fnMap":{},"branchMap":{},"s":{},"f":{},"b":{}}
,"C:\\Users\\Bigmo\\Revature\\tea-time-fe\\src\\components\\ShopView\\ShopView.types.ts": {"path":"C:\\Users\\Bigmo\\Revature\\tea-time-fe\\src\\components\\ShopView\\ShopView.types.ts","statementMap":{},"fnMap":{},"branchMap":{},"s":{},"f":{},"b":{}}
,"C:\\Users\\Bigmo\\Revature\\tea-time-fe\\src\\redux\\types.ts": {"path":"C:\\Users\\Bigmo\\Revature\\tea-time-fe\\src\\redux\\types.ts","statementMap":{"0":{"start":{"line":19,"column":2},"end":{"line":19,"column":31}},"1":{"start":{"line":20,"column":2},"end":{"line":20,"column":21}},"2":{"start":{"line":21,"column":2},"end":{"line":21,"column":27}},"3":{"start":{"line":35,"column":2},"end":{"line":35,"column":15}},"4":{"start":{"line":36,"column":2},"end":{"line":36,"column":19}},"5":{"start":{"line":37,"column":2},"end":{"line":41,"column":3}},"6":{"start":{"line":38,"column":3},"end":{"line":38,"column":96}},"7":{"start":{"line":40,"column":3},"end":{"line":40,"column":26}},"8":{"start":{"line":65,"column":2},"end":{"line":65,"column":27}}},"fnMap":{"0":{"name":"(anonymous_0)","decl":{"start":{"line":18,"column":1},"end":{"line":18,"column":2}},"loc":{"start":{"line":18,"column":66},"end":{"line":22,"column":2}},"line":18},"1":{"name":"(anonymous_1)","decl":{"start":{"line":30,"column":1},"end":{"line":30,"column":2}},"loc":{"start":{"line":34,"column":3},"end":{"line":42,"column":2}},"line":34},"2":{"name":"(anonymous_2)","decl":{"start":{"line":64,"column":1},"end":{"line":64,"column":2}},"loc":{"start":{"line":64,"column":34},"end":{"line":66,"column":2}},"line":64}},"branchMap":{"0":{"loc":{"start":{"line":37,"column":2},"end":{"line":41,"column":3}},"type":"if","locations":[{"start":{"line":37,"column":2},"end":{"line":41,"column":3}},{"start":{"line":37,"column":2},"end":{"line":41,"column":3}}],"line":37}},"s":{"0":0,"1":0,"2":0,"3":0,"4":0,"5":0,"6":0,"7":0,"8":0},"f":{"0":0,"1":0,"2":0},"b":{"0":[0,0]},"_coverageSchema":"1a1c01bbd47fc00a2c39e90264f33305004495a9","hash":"028b2977c01d64b6b9c45bc51da669e3d8269e07"}
,"C:\\Users\\Bigmo\\Revature\\tea-time-fe\\src\\redux\\actions\\teaShopActions.ts": {"path":"C:\\Users\\Bigmo\\Revature\\tea-time-fe\\src\\redux\\actions\\teaShopActions.ts","statementMap":{"0":{"start":{"line":3,"column":30},"end":{"line":5,"column":2}},"1":{"start":{"line":3,"column":37},"end":{"line":5,"column":1}},"2":{"start":{"line":7,"column":39},"end":{"line":10,"column":2}},"3":{"start":{"line":7,"column":64},"end":{"line":10,"column":1}},"4":{"start":{"line":12,"column":36},"end":{"line":15,"column":2}},"5":{"start":{"line":12,"column":57},"end":{"line":15,"column":1}}},"fnMap":{"0":{"name":"(anonymous_0)","decl":{"start":{"line":3,"column":30},"end":{"line":3,"column":31}},"loc":{"start":{"line":3,"column":37},"end":{"line":5,"column":1}},"line":3},"1":{"name":"(anonymous_1)","decl":{"start":{"line":7,"column":39},"end":{"line":7,"column":40}},"loc":{"start":{"line":7,"column":64},"end":{"line":10,"column":1}},"line":7},"2":{"name":"(anonymous_2)","decl":{"start":{"line":12,"column":36},"end":{"line":12,"column":37}},"loc":{"start":{"line":12,"column":57},"end":{"line":15,"column":1}},"line":12}},"branchMap":{},"s":{"0":1,"1":15,"2":1,"3":0,"4":1,"5":0},"f":{"0":15,"1":0,"2":0},"b":{},"_coverageSchema":"1a1c01bbd47fc00a2c39e90264f33305004495a9","hash":"f84534a04dee336ea9754cafa20b7a2a06ec4db8"}
,"C:\\Users\\Bigmo\\Revature\\tea-time-fe\\src\\redux\\reducers\\rootReducer.ts": {"path":"C:\\Users\\Bigmo\\Revature\\tea-time-fe\\src\\redux\\reducers\\rootReducer.ts","statementMap":{"0":{"start":{"line":4,"column":20},"end":{"line":6,"column":2}}},"fnMap":{},"branchMap":{},"s":{"0":0},"f":{},"b":{}}
,"C:\\Users\\Bigmo\\Revature\\tea-time-fe\\src\\redux\\reducers\\teaShopReducer\\teaShopReducer.ts": {"path":"C:\\Users\\Bigmo\\Revature\\tea-time-fe\\src\\redux\\reducers\\teaShopReducer\\teaShopReducer.ts","statementMap":{"0":{"start":{"line":3,"column":37},"end":{"line":26,"column":1}},"1":{"start":{"line":28,"column":23},"end":{"line":54,"column":1}},"2":{"start":{"line":29,"column":4},"end":{"line":53,"column":5}},"3":{"start":{"line":31,"column":12},"end":{"line":34,"column":15}},"4":{"start":{"line":36,"column":12},"end":{"line":41,"column":15}},"5":{"start":{"line":43,"column":12},"end":{"line":48,"column":15}},"6":{"start":{"line":50,"column":12},"end":{"line":52,"column":15}}},"fnMap":{"0":{"name":"(anonymous_0)","decl":{"start":{"line":28,"column":23},"end":{"line":28,"column":24}},"loc":{"start":{"line":28,"column":87},"end":{"line":54,"column":1}},"line":28}},"branchMap":{"0":{"loc":{"start":{"line":28,"column":24},"end":{"line":28,"column":59}},"type":"default-arg","locations":[{"start":{"line":28,"column":46},"end":{"line":28,"column":59}}],"line":28},"1":{"loc":{"start":{"line":29,"column":4},"end":{"line":53,"column":5}},"type":"switch","locations":[{"start":{"line":30,"column":8},"end":{"line":34,"column":15}},{"start":{"line":35,"column":8},"end":{"line":41,"column":15}},{"start":{"line":42,"column":8},"end":{"line":48,"column":15}},{"start":{"line":49,"column":8},"end":{"line":52,"column":15}}],"line":29}},"s":{"0":0,"1":0,"2":0,"3":0,"4":0,"5":0,"6":0},"f":{"0":0},"b":{"0":[0],"1":[0,0,0,0]}}
,"C:\\Users\\Bigmo\\Revature\\tea-time-fe\\src\\redux\\sagas\\rootSaga.ts": {"path":"C:\\Users\\Bigmo\\Revature\\tea-time-fe\\src\\redux\\sagas\\rootSaga.ts","statementMap":{"0":{"start":{"line":5,"column":4},"end":{"line":7,"column":7}}},"fnMap":{"0":{"name":"rootSaga","decl":{"start":{"line":4,"column":10},"end":{"line":4,"column":18}},"loc":{"start":{"line":4,"column":21},"end":{"line":8,"column":1}},"line":4}},"branchMap":{},"s":{"0":0},"f":{"0":0},"b":{}}
,"C:\\Users\\Bigmo\\Revature\\tea-time-fe\\src\\redux\\sagas\\getTeaShopSagas\\getTeaShopSagas.ts": {"path":"C:\\Users\\Bigmo\\Revature\\tea-time-fe\\src\\redux\\sagas\\getTeaShopSagas\\getTeaShopSagas.ts","statementMap":{"0":{"start":{"line":7,"column":4},"end":{"line":12,"column":5}},"1":{"start":{"line":8,"column":34},"end":{"line":8,"column":94}},"2":{"start":{"line":9,"column":8},"end":{"line":9,"column":61}},"3":{"start":{"line":11,"column":8},"end":{"line":11,"column":47}},"4":{"start":{"line":16,"column":4},"end":{"line":18,"column":7}}},"fnMap":{"0":{"name":"getAllTeaShopsSaga","decl":{"start":{"line":6,"column":17},"end":{"line":6,"column":35}},"loc":{"start":{"line":6,"column":38},"end":{"line":13,"column":1}},"line":6},"1":{"name":"watchTeaShopsSaga","decl":{"start":{"line":15,"column":10},"end":{"line":15,"column":27}},"loc":{"start":{"line":15,"column":30},"end":{"line":19,"column":1}},"line":15}},"branchMap":{},"s":{"0":0,"1":0,"2":0,"3":0,"4":0},"f":{"0":0,"1":0},"b":{}}
,"C:\\Users\\Bigmo\\Revature\\tea-time-fe\\src\\redux\\store\\store.ts": {"path":"C:\\Users\\Bigmo\\Revature\\tea-time-fe\\src\\redux\\store\\store.ts","statementMap":{"0":{"start":{"line":7,"column":23},"end":{"line":7,"column":45}},"1":{"start":{"line":9,"column":14},"end":{"line":9,"column":71}},"2":{"start":{"line":11,"column":0},"end":{"line":11,"column":29}}},"fnMap":{},"branchMap":{},"s":{"0":0,"1":0,"2":0},"f":{},"b":{}}
}
