TN:
SF:src\entities.ts
FN:18,(anonymous_0)
FN:30,(anonymous_1)
FN:51,(anonymous_2)
FN:60,(anonymous_3)
FNF:4
FNH:4
FNDA:3,(anonymous_0)
FNDA:3,(anonymous_1)
FNDA:3,(anonymous_2)
FNDA:3,(anonymous_3)
DA:19,3
DA:20,3
DA:21,3
DA:35,3
DA:36,3
DA:37,3
DA:38,1
DA:40,2
DA:45,1
DA:52,3
DA:53,3
DA:54,3
DA:61,3
LF:13
LH:13
BRDA:37,0,0,1
BRDA:37,0,1,2
BRDA:51,1,0,1
BRDA:51,2,0,2
BRF:4
BRH:4
end_of_record
TN:
SF:src\components\colors.ts
FNF:0
FNH:0
DA:1,0
LF:1
LH:0
BRF:0
BRH:0
end_of_record
TN:
SF:src\components\AddShop\AddShop.component.tsx
FN:3,(anonymous_0)
FNF:1
FNH:0
FNDA:0,(anonymous_0)
DA:3,0
DA:4,0
DA:11,0
LF:3
LH:0
BRF:0
BRH:0
end_of_record
TN:
SF:src\components\AddShop\AddShop.styles.tsx
FNF:0
FNH:0
LF:0
LH:0
BRF:0
BRH:0
end_of_record
TN:
SF:src\components\AddShop\AddShop.test.tsx
FNF:0
FNH:0
LF:0
LH:0
BRF:0
BRH:0
end_of_record
TN:
SF:src\components\AddShop\AddShop.types.ts
FNF:0
FNH:0
LF:0
LH:0
BRF:0
BRH:0
end_of_record
TN:
SF:src\components\Header\Header.component.tsx
FN:4,(anonymous_0)
FNF:1
FNH:0
FNDA:0,(anonymous_0)
DA:4,0
DA:5,0
LF:2
LH:0
BRF:0
BRH:0
end_of_record
TN:
SF:src\components\Header\Header.styles.tsx
FNF:0
FNH:0
LF:0
LH:0
BRF:0
BRH:0
end_of_record
TN:
SF:src\components\Header\Header.test.tsx
FN:7,(anonymous_0)
FN:9,(anonymous_1)
FN:13,(anonymous_2)
FNF:3
FNH:0
FNDA:0,(anonymous_0)
FNDA:0,(anonymous_1)
FNDA:0,(anonymous_2)
DA:7,0
DA:9,0
DA:10,0
DA:13,0
DA:14,0
DA:15,0
LF:6
LH:0
BRF:0
BRH:0
end_of_record
TN:
SF:src\components\Header\Header.types.tsx
FNF:0
FNH:0
LF:0
LH:0
BRF:0
BRH:0
end_of_record
TN:
SF:src\components\LoadingSearchedShops\LoadingSearchedShops.component.tsx
FN:5,(anonymous_0)
FNF:1
FNH:1
FNDA:25,(anonymous_0)
DA:5,1
DA:6,25
LF:2
LH:2
BRDA:8,0,0,1
BRDA:8,0,1,24
BRF:2
BRH:2
end_of_record
TN:
SF:src\components\LoadingSearchedShops\LoadingSearchedShops.test.tsx
FN:7,(anonymous_0)
FN:8,(anonymous_1)
FN:13,(anonymous_2)
FNF:3
FNH:0
FNDA:0,(anonymous_0)
FNDA:0,(anonymous_1)
FNDA:0,(anonymous_2)
DA:7,0
DA:8,0
DA:9,0
DA:10,0
DA:13,0
DA:14,0
DA:15,0
LF:7
LH:0
BRF:0
BRH:0
end_of_record
TN:
SF:src\components\LoadingSearchedShops\LoadingSearchedShops.types.tsx
FNF:0
FNH:0
LF:0
LH:0
BRF:0
BRH:0
end_of_record
TN:
SF:src\components\Main\Main.component.tsx
FN:8,(anonymous_0)
FNF:1
FNH:0
FNDA:0,(anonymous_0)
DA:8,0
DA:9,0
LF:2
LH:0
BRF:0
BRH:0
end_of_record
TN:
SF:src\components\Main\Main.styles.ts
FNF:0
FNH:0
DA:4,0
LF:1
LH:0
BRF:0
BRH:0
end_of_record
TN:
SF:src\components\Main\Main.test.tsx
FN:11,(anonymous_0)
FN:12,(anonymous_1)
FN:17,(anonymous_2)
FN:21,(anonymous_3)
FN:26,(anonymous_4)
FN:31,(anonymous_5)
FNF:6
FNH:0
FNDA:0,(anonymous_0)
FNDA:0,(anonymous_1)
FNDA:0,(anonymous_2)
FNDA:0,(anonymous_3)
FNDA:0,(anonymous_4)
FNDA:0,(anonymous_5)
DA:11,0
DA:12,0
DA:14,0
DA:17,0
DA:18,0
DA:21,0
DA:22,0
DA:23,0
DA:26,0
DA:27,0
DA:28,0
DA:31,0
DA:32,0
DA:33,0
DA:34,0
LF:15
LH:0
BRF:0
BRH:0
end_of_record
TN:
SF:src\components\Navigation\Navigation.component.tsx
FN:10,(anonymous_0)
FNF:1
FNH:0
FNDA:0,(anonymous_0)
DA:9,0
DA:10,0
DA:12,0
DA:20,0
DA:28,0
DA:36,0
LF:6
LH:0
BRF:0
BRH:0
end_of_record
TN:
SF:src\components\Navigation\Navigation.styles.tsx
FNF:0
FNH:0
LF:0
LH:0
BRF:0
BRH:0
end_of_record
TN:
SF:src\components\Navigation\Navigation.test.tsx
FN:12,(anonymous_0)
FN:13,(anonymous_1)
FN:17,(anonymous_2)
FN:21,(anonymous_3)
FN:33,(anonymous_4)
FN:35,(anonymous_5)
FNF:6
FNH:0
FNDA:0,(anonymous_0)
FNDA:0,(anonymous_1)
FNDA:0,(anonymous_2)
FNDA:0,(anonymous_3)
FNDA:0,(anonymous_4)
FNDA:0,(anonymous_5)
DA:12,0
DA:13,0
DA:14,0
DA:17,0
DA:18,0
DA:21,0
DA:22,0
DA:23,0
DA:24,0
DA:31,0
DA:33,0
DA:34,0
DA:35,0
DA:36,0
DA:38,0
LF:15
LH:0
BRF:0
BRH:0
end_of_record
TN:
SF:src\components\SearchShops\SearchShops.component.tsx
FN:13,(anonymous_0)
FN:13,(anonymous_1)
FN:30,(anonymous_2)
FN:33,(anonymous_3)
FN:35,(anonymous_4)
FN:50,(anonymous_5)
FN:51,(anonymous_6)
FNF:7
FNH:7
FNDA:24,(anonymous_0)
FNDA:48,(anonymous_1)
FNDA:25,(anonymous_2)
FNDA:133,(anonymous_3)
FNDA:15,(anonymous_4)
FNDA:9,(anonymous_5)
FNDA:9,(anonymous_6)
DA:11,1
DA:13,24
DA:14,48
DA:15,28
DA:17,20
DA:18,20
DA:19,60
DA:20,20
DA:21,60
DA:23,40
DA:24,40
DA:27,20
DA:30,1
DA:31,25
DA:32,25
DA:33,133
DA:35,25
DA:36,15
DA:41,25
DA:50,9
DA:51,9
DA:58,1
LF:22
LH:22
BRDA:14,0,0,28
BRDA:14,0,1,20
BRDA:19,1,0,20
BRDA:19,1,1,40
BRDA:21,2,0,60
BRDA:21,2,1,45
BRDA:23,3,0,40
BRDA:23,3,1,0
BRDA:24,4,0,40
BRDA:24,4,1,40
BRDA:45,5,0,1
BRDA:45,5,1,24
BRF:12
BRH:11
end_of_record
TN:
SF:src\components\SearchShops\SearchShops.styles.ts
FNF:0
FNH:0
LF:0
LH:0
BRF:0
BRH:0
end_of_record
TN:
SF:src\components\SearchShops\SearchShops.types.ts
FNF:0
FNH:0
LF:0
LH:0
BRF:0
BRH:0
end_of_record
TN:
SF:src\components\ShopInList\ShopInList.component.tsx
FN:6,(anonymous_0)
FN:11,(anonymous_1)
FNF:2
FNH:1
FNDA:9,(anonymous_0)
FNDA:0,(anonymous_1)
DA:6,1
DA:7,9
DA:9,9
DA:11,0
LF:4
LH:3
BRF:0
BRH:0
end_of_record
TN:
SF:src\components\ShopInList\ShopInList.test.tsx
FN:9,(anonymous_0)
FN:10,(anonymous_1)
FN:13,(anonymous_2)
FN:14,(anonymous_3)
FN:18,(anonymous_4)
FN:21,(anonymous_5)
FN:28,(anonymous_6)
FNF:7
FNH:0
FNDA:0,(anonymous_0)
FNDA:0,(anonymous_1)
FNDA:0,(anonymous_2)
FNDA:0,(anonymous_3)
FNDA:0,(anonymous_4)
FNDA:0,(anonymous_5)
FNDA:0,(anonymous_6)
DA:8,0
DA:9,0
DA:10,0
DA:13,0
DA:14,0
DA:15,0
DA:18,0
DA:19,0
DA:22,0
DA:24,0
DA:28,0
DA:29,0
DA:30,0
LF:13
LH:0
BRF:0
BRH:0
end_of_record
TN:
SF:src\components\ShopInList\ShopInList.types.tsx
FNF:0
FNH:0
LF:0
LH:0
BRF:0
BRH:0
end_of_record
TN:
SF:src\components\ShopView\ShopView.component.tsx
FN:3,(anonymous_0)
FNF:1
FNH:0
FNDA:0,(anonymous_0)
DA:3,0
DA:4,0
DA:11,0
LF:3
LH:0
BRF:0
BRH:0
end_of_record
TN:
SF:src\components\ShopView\ShopView.test.tsx
FNF:0
FNH:0
LF:0
LH:0
BRF:0
BRH:0
end_of_record
TN:
SF:src\components\ShopView\ShopView.types.ts
FNF:0
FNH:0
LF:0
LH:0
BRF:0
BRH:0
end_of_record
TN:
SF:src\redux\types.ts
FN:18,(anonymous_0)
FN:30,(anonymous_1)
FN:64,(anonymous_2)
FNF:3
FNH:0
FNDA:0,(anonymous_0)
FNDA:0,(anonymous_1)
FNDA:0,(anonymous_2)
DA:19,0
DA:20,0
DA:21,0
DA:35,0
DA:36,0
DA:37,0
DA:38,0
DA:40,0
DA:65,0
LF:9
LH:0
BRDA:37,0,0,0
BRDA:37,0,1,0
BRF:2
BRH:0
end_of_record
TN:
SF:src\redux\actions\teaShopActions.ts
FN:3,(anonymous_0)
FN:7,(anonymous_1)
FN:12,(anonymous_2)
FNF:3
FNH:1
FNDA:15,(anonymous_0)
FNDA:0,(anonymous_1)
FNDA:0,(anonymous_2)
DA:3,15
DA:7,1
DA:12,1
LF:3
LH:3
BRF:0
BRH:0
end_of_record
TN:
SF:src\redux\reducers\rootReducer.ts
FNF:0
FNH:0
DA:4,0
LF:1
LH:0
BRF:0
BRH:0
end_of_record
TN:
SF:src\redux\reducers\teaShopReducer\teaShopReducer.ts
FN:28,(anonymous_0)
FNF:1
FNH:0
FNDA:0,(anonymous_0)
DA:3,0
DA:28,0
DA:29,0
DA:31,0
DA:36,0
DA:43,0
DA:50,0
LF:7
LH:0
BRDA:28,0,0,0
BRDA:29,1,0,0
BRDA:29,1,1,0
BRDA:29,1,2,0
BRDA:29,1,3,0
BRF:5
BRH:0
end_of_record
TN:
SF:src\redux\sagas\rootSaga.ts
FN:4,rootSaga
FNF:1
FNH:0
FNDA:0,rootSaga
DA:5,0
LF:1
LH:0
BRF:0
BRH:0
end_of_record
TN:
SF:src\redux\sagas\getTeaShopSagas\getTeaShopSagas.ts
FN:6,getAllTeaShopsSaga
FN:15,watchTeaShopsSaga
FNF:2
FNH:0
FNDA:0,getAllTeaShopsSaga
FNDA:0,watchTeaShopsSaga
DA:7,0
DA:8,0
DA:9,0
DA:11,0
DA:16,0
LF:5
LH:0
BRF:0
BRH:0
end_of_record
TN:
SF:src\redux\store\store.ts
FNF:0
FNH:0
DA:7,0
DA:9,0
DA:11,0
LF:3
LH:0
BRF:0
BRH:0
end_of_record
